  Path.cpp
C:\Users\yamag\OneDrive\Desktop\TakeruHertus\TakeruHertus\AI\Path\Path.cpp(10,7): warning C4834: [[nodiscard]] 属性を持つ関数の戻り値を破棄しています
  AnimationLib.cpp
  BehaviourTree.cpp
  MapEventOne.cpp
  MapEventManager.cpp
  Map.cpp
C:\Users\yamag\OneDrive\Desktop\TakeruHertus\TakeruHertus\Object\Map\Map.cpp(37,40): warning C4244: '引数': 'int' から '_Ty' への変換です。データが失われる可能性があります。
C:\Users\yamag\OneDrive\Desktop\TakeruHertus\TakeruHertus\Object\Map\Map.cpp(37,40): warning C4244:         with
C:\Users\yamag\OneDrive\Desktop\TakeruHertus\TakeruHertus\Object\Map\Map.cpp(37,40): warning C4244:         [
C:\Users\yamag\OneDrive\Desktop\TakeruHertus\TakeruHertus\Object\Map\Map.cpp(37,40): warning C4244:             _Ty=float
C:\Users\yamag\OneDrive\Desktop\TakeruHertus\TakeruHertus\Object\Map\Map.cpp(37,40): warning C4244:         ]
C:\Users\yamag\OneDrive\Desktop\TakeruHertus\TakeruHertus\Object\Map\Map.cpp(72,49): warning C4244: '初期化中': 'float' から 'int' への変換です。データが失われる可能性があります。
  SmallAricle.cpp
  OneStAvenue.cpp
  PlayerPouch.cpp
C:\Users\yamag\OneDrive\Desktop\TakeruHertus\TakeruHertus\System\GemeMenu\ItemMenu\PlayerPouch.cpp(113,43): warning C4244: '引数': 'float' から 'int' への変換です。データが失われる可能性があります。
C:\Users\yamag\OneDrive\Desktop\TakeruHertus\TakeruHertus\System\GemeMenu\ItemMenu\PlayerPouch.cpp(113,26): warning C4244: '引数': 'float' から 'int' への変換です。データが失われる可能性があります。
C:\Users\yamag\OneDrive\Desktop\TakeruHertus\TakeruHertus\System\GemeMenu\ItemMenu\PlayerPouch.cpp(115,49): warning C4244: '引数': 'float' から 'int' への変換です。データが失われる可能性があります。
C:\Users\yamag\OneDrive\Desktop\TakeruHertus\TakeruHertus\System\GemeMenu\ItemMenu\PlayerPouch.cpp(115,29): warning C4244: '引数': 'float' から 'int' への変換です。データが失われる可能性があります。
C:\Users\yamag\OneDrive\Desktop\TakeruHertus\TakeruHertus\System\GemeMenu\ItemMenu\PlayerPouch.cpp(116,49): warning C4244: '引数': 'float' から 'int' への変換です。データが失われる可能性があります。
C:\Users\yamag\OneDrive\Desktop\TakeruHertus\TakeruHertus\System\GemeMenu\ItemMenu\PlayerPouch.cpp(116,29): warning C4244: '引数': 'float' から 'int' への変換です。データが失われる可能性があります。
C:\Users\yamag\OneDrive\Desktop\TakeruHertus\TakeruHertus\System\GemeMenu\ItemMenu\PlayerPouch.cpp(117,49): warning C4244: '引数': 'float' から 'int' への変換です。データが失われる可能性があります。
C:\Users\yamag\OneDrive\Desktop\TakeruHertus\TakeruHertus\System\GemeMenu\ItemMenu\PlayerPouch.cpp(117,29): warning C4244: '引数': 'float' から 'int' への変換です。データが失われる可能性があります。
C:\Users\yamag\OneDrive\Desktop\TakeruHertus\TakeruHertus\System\GemeMenu\ItemMenu\PlayerPouch.cpp(121,49): warning C4244: '引数': 'float' から 'int' への変換です。データが失われる可能性があります。
C:\Users\yamag\OneDrive\Desktop\TakeruHertus\TakeruHertus\System\GemeMenu\ItemMenu\PlayerPouch.cpp(121,30): warning C4244: '引数': 'float' から 'int' への変換です。データが失われる可能性があります。
  CharacterIcon.cpp
C:\Users\yamag\OneDrive\Desktop\TakeruHertus\TakeruHertus\System\CharacterIcon\CharacterIcon.cpp(25,33): warning C4244: '引数': 'float' から 'int' への変換です。データが失われる可能性があります。
C:\Users\yamag\OneDrive\Desktop\TakeruHertus\TakeruHertus\System\CharacterIcon\CharacterIcon.cpp(25,21): warning C4244: '引数': 'float' から 'int' への変換です。データが失われる可能性があります。
C:\Users\yamag\OneDrive\Desktop\TakeruHertus\TakeruHertus\System\CharacterIcon\CharacterIcon.cpp(26,40): warning C4244: '引数': 'float' から 'int' への変換です。データが失われる可能性があります。
C:\Users\yamag\OneDrive\Desktop\TakeruHertus\TakeruHertus\System\CharacterIcon\CharacterIcon.cpp(26,23): warning C4244: '引数': 'float' から 'int' への変換です。データが失われる可能性があります。
  HPBar.cpp
  ItemMenu.cpp
C:\Users\yamag\OneDrive\Desktop\TakeruHertus\TakeruHertus\System\GemeMenu\ItemMenu\ItemMenu.cpp(125,43): warning C4244: '引数': 'float' から 'int' への変換です。データが失われる可能性があります。
C:\Users\yamag\OneDrive\Desktop\TakeruHertus\TakeruHertus\System\GemeMenu\ItemMenu\ItemMenu.cpp(125,26): warning C4244: '引数': 'float' から 'int' への変換です。データが失われる可能性があります。
C:\Users\yamag\OneDrive\Desktop\TakeruHertus\TakeruHertus\System\GemeMenu\ItemMenu\ItemMenu.cpp(127,51): warning C4244: '引数': 'float' から 'int' への変換です。データが失われる可能性があります。
C:\Users\yamag\OneDrive\Desktop\TakeruHertus\TakeruHertus\System\GemeMenu\ItemMenu\ItemMenu.cpp(127,30): warning C4244: '引数': 'float' から 'int' への変換です。データが失われる可能性があります。
C:\Users\yamag\OneDrive\Desktop\TakeruHertus\TakeruHertus\System\GemeMenu\ItemMenu\ItemMenu.cpp(128,55): warning C4244: '引数': 'float' から 'int' への変換です。データが失われる可能性があります。
C:\Users\yamag\OneDrive\Desktop\TakeruHertus\TakeruHertus\System\GemeMenu\ItemMenu\ItemMenu.cpp(128,32): warning C4244: '引数': 'float' から 'int' への変換です。データが失われる可能性があります。
C:\Users\yamag\OneDrive\Desktop\TakeruHertus\TakeruHertus\System\GemeMenu\ItemMenu\ItemMenu.cpp(133,49): warning C4244: '引数': 'float' から 'int' への変換です。データが失われる可能性があります。
C:\Users\yamag\OneDrive\Desktop\TakeruHertus\TakeruHertus\System\GemeMenu\ItemMenu\ItemMenu.cpp(133,30): warning C4244: '引数': 'float' から 'int' への変換です。データが失われる可能性があります。
  EquipmentMenu.cpp
  CustomizationMenu.cpp
  AbilityMenu.cpp
  EffectLib.cpp
  GameMenu.cpp
C:\Users\yamag\OneDrive\Desktop\TakeruHertus\TakeruHertus\System\GemeMenu\GameMenu.cpp(183,42): warning C4244: '引数': 'float' から 'int' への変換です。データが失われる可能性があります。
C:\Users\yamag\OneDrive\Desktop\TakeruHertus\TakeruHertus\System\GemeMenu\GameMenu.cpp(183,26): warning C4244: '引数': 'float' から 'int' への変換です。データが失われる可能性があります。
C:\Users\yamag\OneDrive\Desktop\TakeruHertus\TakeruHertus\System\GemeMenu\GameMenu.cpp(185,38): warning C4244: '引数': 'float' から 'int' への変換です。データが失われる可能性があります。
C:\Users\yamag\OneDrive\Desktop\TakeruHertus\TakeruHertus\System\GemeMenu\GameMenu.cpp(185,24): warning C4244: '引数': 'float' から 'int' への変換です。データが失われる可能性があります。
C:\Users\yamag\OneDrive\Desktop\TakeruHertus\TakeruHertus\System\GemeMenu\GameMenu.cpp(186,48): warning C4244: '引数': 'float' から 'int' への変換です。データが失われる可能性があります。
C:\Users\yamag\OneDrive\Desktop\TakeruHertus\TakeruHertus\System\GemeMenu\GameMenu.cpp(186,29): warning C4244: '引数': 'float' から 'int' への変換です。データが失われる可能性があります。
C:\Users\yamag\OneDrive\Desktop\TakeruHertus\TakeruHertus\System\GemeMenu\GameMenu.cpp(187,44): warning C4244: '引数': 'float' から 'int' への変換です。データが失われる可能性があります。
C:\Users\yamag\OneDrive\Desktop\TakeruHertus\TakeruHertus\System\GemeMenu\GameMenu.cpp(187,27): warning C4244: '引数': 'float' から 'int' への変換です。データが失われる可能性があります。
C:\Users\yamag\OneDrive\Desktop\TakeruHertus\TakeruHertus\System\GemeMenu\GameMenu.cpp(188,48): warning C4244: '引数': 'float' から 'int' への変換です。データが失われる可能性があります。
C:\Users\yamag\OneDrive\Desktop\TakeruHertus\TakeruHertus\System\GemeMenu\GameMenu.cpp(188,29): warning C4244: '引数': 'float' から 'int' への変換です。データが失われる可能性があります。
C:\Users\yamag\OneDrive\Desktop\TakeruHertus\TakeruHertus\System\GemeMenu\GameMenu.cpp(196,48): warning C4244: '引数': 'float' から 'int' への変換です。データが失われる可能性があります。
C:\Users\yamag\OneDrive\Desktop\TakeruHertus\TakeruHertus\System\GemeMenu\GameMenu.cpp(196,30): warning C4244: '引数': 'float' から 'int' への変換です。データが失われる可能性があります。
  EnemyDinamic.cpp
  LightManager.cpp
  EnemyMidle.cpp
  コードを生成中...
  コンパイル中...
  SkyDome.cpp
  Command.cpp
C:\Users\yamag\OneDrive\Desktop\TakeruHertus\TakeruHertus\System\Command\Command.cpp(144,57): warning C4244: '引数': 'float' から 'int' への変換です。データが失われる可能性があります。
C:\Users\yamag\OneDrive\Desktop\TakeruHertus\TakeruHertus\System\Command\Command.cpp(144,36): warning C4244: '引数': 'float' から 'int' への変換です。データが失われる可能性があります。
C:\Users\yamag\OneDrive\Desktop\TakeruHertus\TakeruHertus\System\Command\Command.cpp(149,78): warning C4244: '引数': 'float' から 'int' への変換です。データが失われる可能性があります。
C:\Users\yamag\OneDrive\Desktop\TakeruHertus\TakeruHertus\System\Command\Command.cpp(149,41): warning C4244: '引数': 'float' から 'int' への変換です。データが失われる可能性があります。
C:\Users\yamag\OneDrive\Desktop\TakeruHertus\TakeruHertus\System\Command\Command.cpp(151,58): warning C4244: '引数': 'float' から 'int' への変換です。データが失われる可能性があります。
C:\Users\yamag\OneDrive\Desktop\TakeruHertus\TakeruHertus\System\Command\Command.cpp(151,37): warning C4244: '引数': 'float' から 'int' への変換です。データが失われる可能性があります。
C:\Users\yamag\OneDrive\Desktop\TakeruHertus\TakeruHertus\System\Command\Command.cpp(152,56): warning C4244: '引数': 'float' から 'int' への変換です。データが失われる可能性があります。
C:\Users\yamag\OneDrive\Desktop\TakeruHertus\TakeruHertus\System\Command\Command.cpp(152,36): warning C4244: '引数': 'float' から 'int' への変換です。データが失われる可能性があります。
C:\Users\yamag\OneDrive\Desktop\TakeruHertus\TakeruHertus\System\Command\Command.cpp(153,56): warning C4244: '引数': 'float' から 'int' への変換です。データが失われる可能性があります。
C:\Users\yamag\OneDrive\Desktop\TakeruHertus\TakeruHertus\System\Command\Command.cpp(153,36): warning C4244: '引数': 'float' から 'int' への変換です。データが失われる可能性があります。
C:\Users\yamag\OneDrive\Desktop\TakeruHertus\TakeruHertus\System\Command\Command.cpp(158,76): warning C4244: '引数': 'float' から 'int' への変換です。データが失われる可能性があります。
C:\Users\yamag\OneDrive\Desktop\TakeruHertus\TakeruHertus\System\Command\Command.cpp(158,40): warning C4244: '引数': 'float' から 'int' への変換です。データが失われる可能性があります。
C:\Users\yamag\OneDrive\Desktop\TakeruHertus\TakeruHertus\System\Command\Command.cpp(160,60): warning C4244: '引数': 'float' から 'int' への変換です。データが失われる可能性があります。
C:\Users\yamag\OneDrive\Desktop\TakeruHertus\TakeruHertus\System\Command\Command.cpp(160,38): warning C4244: '引数': 'float' から 'int' への変換です。データが失われる可能性があります。
C:\Users\yamag\OneDrive\Desktop\TakeruHertus\TakeruHertus\System\Command\Command.cpp(161,56): warning C4244: '引数': 'float' から 'int' への変換です。データが失われる可能性があります。
C:\Users\yamag\OneDrive\Desktop\TakeruHertus\TakeruHertus\System\Command\Command.cpp(161,36): warning C4244: '引数': 'float' から 'int' への変換です。データが失われる可能性があります。
C:\Users\yamag\OneDrive\Desktop\TakeruHertus\TakeruHertus\System\Command\Command.cpp(162,56): warning C4244: '引数': 'float' から 'int' への変換です。データが失われる可能性があります。
C:\Users\yamag\OneDrive\Desktop\TakeruHertus\TakeruHertus\System\Command\Command.cpp(162,36): warning C4244: '引数': 'float' から 'int' への変換です。データが失われる可能性があります。
C:\Users\yamag\OneDrive\Desktop\TakeruHertus\TakeruHertus\System\Command\Command.cpp(167,74): warning C4244: '引数': 'float' から 'int' への変換です。データが失われる可能性があります。
C:\Users\yamag\OneDrive\Desktop\TakeruHertus\TakeruHertus\System\Command\Command.cpp(167,39): warning C4244: '引数': 'float' から 'int' への変換です。データが失われる可能性があります。
C:\Users\yamag\OneDrive\Desktop\TakeruHertus\TakeruHertus\System\Command\Command.cpp(169,60): warning C4244: '引数': 'float' から 'int' への変換です。データが失われる可能性があります。
C:\Users\yamag\OneDrive\Desktop\TakeruHertus\TakeruHertus\System\Command\Command.cpp(169,38): warning C4244: '引数': 'float' から 'int' への変換です。データが失われる可能性があります。
C:\Users\yamag\OneDrive\Desktop\TakeruHertus\TakeruHertus\System\Command\Command.cpp(170,58): warning C4244: '引数': 'float' から 'int' への変換です。データが失われる可能性があります。
C:\Users\yamag\OneDrive\Desktop\TakeruHertus\TakeruHertus\System\Command\Command.cpp(170,37): warning C4244: '引数': 'float' から 'int' への変換です。データが失われる可能性があります。
C:\Users\yamag\OneDrive\Desktop\TakeruHertus\TakeruHertus\System\Command\Command.cpp(171,56): warning C4244: '引数': 'float' から 'int' への変換です。データが失われる可能性があります。
C:\Users\yamag\OneDrive\Desktop\TakeruHertus\TakeruHertus\System\Command\Command.cpp(171,36): warning C4244: '引数': 'float' から 'int' への変換です。データが失われる可能性があります。
C:\Users\yamag\OneDrive\Desktop\TakeruHertus\TakeruHertus\System\Command\Command.cpp(176,74): warning C4244: '引数': 'float' から 'int' への変換です。データが失われる可能性があります。
C:\Users\yamag\OneDrive\Desktop\TakeruHertus\TakeruHertus\System\Command\Command.cpp(176,39): warning C4244: '引数': 'float' から 'int' への変換です。データが失われる可能性があります。
C:\Users\yamag\OneDrive\Desktop\TakeruHertus\TakeruHertus\System\Command\Command.cpp(178,60): warning C4244: '引数': 'float' から 'int' への変換です。データが失われる可能性があります。
C:\Users\yamag\OneDrive\Desktop\TakeruHertus\TakeruHertus\System\Command\Command.cpp(178,38): warning C4244: '引数': 'float' から 'int' への変換です。データが失われる可能性があります。
C:\Users\yamag\OneDrive\Desktop\TakeruHertus\TakeruHertus\System\Command\Command.cpp(179,58): warning C4244: '引数': 'float' から 'int' への変換です。データが失われる可能性があります。
C:\Users\yamag\OneDrive\Desktop\TakeruHertus\TakeruHertus\System\Command\Command.cpp(179,37): warning C4244: '引数': 'float' から 'int' への変換です。データが失われる可能性があります。
C:\Users\yamag\OneDrive\Desktop\TakeruHertus\TakeruHertus\System\Command\Command.cpp(180,56): warning C4244: '引数': 'float' から 'int' への変換です。データが失われる可能性があります。
C:\Users\yamag\OneDrive\Desktop\TakeruHertus\TakeruHertus\System\Command\Command.cpp(180,36): warning C4244: '引数': 'float' から 'int' への変換です。データが失われる可能性があります。
  EnemySmallFish.cpp
C:\Users\yamag\OneDrive\Desktop\TakeruHertus\TakeruHertus\Object\Character\EnemySmallFish\EnemySmallFish.cpp(191,18): warning C4553: '==': 式の結果が使用されていません。'=' を意図していますか?
  DebugDraw3D.cpp
  ColliderDataAABB3D.cpp
  ColliderDataCapsule3D.cpp
  ColliderDataOBB3D.cpp
  ColliderDataSphere3D.cpp
  Physics.cpp
  Collidable.cpp
  CSVLib.cpp
  DebugWindow.cpp
  Ground.cpp
  Camera.cpp
  InputDeviceManager.cpp
  JoyPad.cpp
  KeyBoard.cpp
  main.cpp
C:\Users\yamag\OneDrive\Desktop\TakeruHertus\TakeruHertus\main.cpp(50,60): warning C4267: '引数': 'size_t' から 'int' に変換しました。データが失われているかもしれません。
  Player.cpp
C:\Users\yamag\OneDrive\Desktop\TakeruHertus\TakeruHertus\Object\Character\Player\Player.cpp(146,26): warning C4244: '=': 'float' から 'int' への変換です。データが失われる可能性があります。
  Rigidbody.cpp
  コードを生成中...
  コンパイル中...
  SceneClear.cpp
  SceneResult.cpp
  SceneGame.cpp
  SceneTitle.cpp
  SceneBase.cpp
  SceneManager.cpp
  コードを生成中...
EffekseerForDXLib_vs2019_x64_d.lib(EffekseerForDXLib.obj) : warning LNK4099: PDB '' が 'EffekseerForDXLib_vs2019_x64_d.lib(EffekseerForDXLib.obj)' で、または '' に見つかりません。デバッグ情報がないものとして、オブジェクトにリンクします。
Effekseer_vs2019_x64_d.lib(Effekseer.Vector3D.obj) : warning LNK4099: PDB '' が 'Effekseer_vs2019_x64_d.lib(Effekseer.Vector3D.obj)' で、または '' に見つかりません。デバッグ情報がないものとして、オブジェクトにリンクします。
Effekseer_vs2019_x64_d.lib(Effekseer.Color.obj) : warning LNK4099: PDB '' が 'Effekseer_vs2019_x64_d.lib(Effekseer.Color.obj)' で、または '' に見つかりません。デバッグ情報がないものとして、オブジェクトにリンクします。
Effekseer_vs2019_x64_d.lib(Effekseer.Matrix44.obj) : warning LNK4099: PDB '' が 'Effekseer_vs2019_x64_d.lib(Effekseer.Matrix44.obj)' で、または '' に見つかりません。デバッグ情報がないものとして、オブジェクトにリンクします。
Effekseer_vs2019_x64_d.lib(Effekseer.Effect.obj) : warning LNK4099: PDB '' が 'Effekseer_vs2019_x64_d.lib(Effekseer.Effect.obj)' で、または '' に見つかりません。デバッグ情報がないものとして、オブジェクトにリンクします。
Effekseer_vs2019_x64_d.lib(Effekseer.Manager.obj) : warning LNK4099: PDB '' が 'Effekseer_vs2019_x64_d.lib(Effekseer.Manager.obj)' で、または '' に見つかりません。デバッグ情報がないものとして、オブジェクトにリンクします。
Effekseer_vs2019_x64_d.lib(Effekseer.Setting.obj) : warning LNK4099: PDB '' が 'Effekseer_vs2019_x64_d.lib(Effekseer.Setting.obj)' で、または '' に見つかりません。デバッグ情報がないものとして、オブジェクトにリンクします。
Effekseer_vs2019_x64_d.lib(Effekseer.Server.obj) : warning LNK4099: PDB '' が 'Effekseer_vs2019_x64_d.lib(Effekseer.Server.obj)' で、または '' に見つかりません。デバッグ情報がないものとして、オブジェクトにリンクします。
Effekseer_vs2019_x64_d.lib(Effekseer.CurveLoader.obj) : warning LNK4099: PDB '' が 'Effekseer_vs2019_x64_d.lib(Effekseer.CurveLoader.obj)' で、または '' に見つかりません。デバッグ情報がないものとして、オブジェクトにリンクします。
Effekseer_vs2019_x64_d.lib(Effekseer.CustomAllocator.obj) : warning LNK4099: PDB '' が 'Effekseer_vs2019_x64_d.lib(Effekseer.CustomAllocator.obj)' で、または '' に見つかりません。デバッグ情報がないものとして、オブジェクトにリンクします。
Effekseer_vs2019_x64_d.lib(Effekseer.DefaultEffectLoader.obj) : warning LNK4099: PDB '' が 'Effekseer_vs2019_x64_d.lib(Effekseer.DefaultEffectLoader.obj)' で、または '' に見つかりません。デバッグ情報がないものとして、オブジェクトにリンクします。
Effekseer_vs2019_x64_d.lib(Effekseer.InternalScript.obj) : warning LNK4099: PDB '' が 'Effekseer_vs2019_x64_d.lib(Effekseer.InternalScript.obj)' で、または '' に見つかりません。デバッグ情報がないものとして、オブジェクトにリンクします。
Effekseer_vs2019_x64_d.lib(Effekseer.EffectNode.obj) : warning LNK4099: PDB '' が 'Effekseer_vs2019_x64_d.lib(Effekseer.EffectNode.obj)' で、または '' に見つかりません。デバッグ情報がないものとして、オブジェクトにリンクします。
Effekseer_vs2019_x64_d.lib(Effekseer.ResourceManager.obj) : warning LNK4099: PDB '' が 'Effekseer_vs2019_x64_d.lib(Effekseer.ResourceManager.obj)' で、または '' に見つかりません。デバッグ情報がないものとして、オブジェクトにリンクします。
Effekseer_vs2019_x64_d.lib(Utils.obj) : warning LNK4099: PDB '' が 'Effekseer_vs2019_x64_d.lib(Utils.obj)' で、または '' に見つかりません。デバッグ情報がないものとして、オブジェクトにリンクします。
Effekseer_vs2019_x64_d.lib(Mat43f.obj) : warning LNK4099: PDB '' が 'Effekseer_vs2019_x64_d.lib(Mat43f.obj)' で、または '' に見つかりません。デバッグ情報がないものとして、オブジェクトにリンクします。
Effekseer_vs2019_x64_d.lib(Mat44f.obj) : warning LNK4099: PDB '' が 'Effekseer_vs2019_x64_d.lib(Mat44f.obj)' で、または '' に見つかりません。デバッグ情報がないものとして、オブジェクトにリンクします。
Effekseer_vs2019_x64_d.lib(Effekseer.Matrix43.obj) : warning LNK4099: PDB '' が 'Effekseer_vs2019_x64_d.lib(Effekseer.Matrix43.obj)' で、または '' に見つかりません。デバッグ情報がないものとして、オブジェクトにリンクします。
Effekseer_vs2019_x64_d.lib(Effekseer.Random.obj) : warning LNK4099: PDB '' が 'Effekseer_vs2019_x64_d.lib(Effekseer.Random.obj)' で、または '' に見つかりません。デバッグ情報がないものとして、オブジェクトにリンクします。
Effekseer_vs2019_x64_d.lib(Effekseer.InstanceGlobal.obj) : warning LNK4099: PDB '' が 'Effekseer_vs2019_x64_d.lib(Effekseer.InstanceGlobal.obj)' で、または '' に見つかりません。デバッグ情報がないものとして、オブジェクトにリンクします。
Effekseer_vs2019_x64_d.lib(Effekseer.Instance.obj) : warning LNK4099: PDB '' が 'Effekseer_vs2019_x64_d.lib(Effekseer.Instance.obj)' で、または '' に見つかりません。デバッグ情報がないものとして、オブジェクトにリンクします。
Effekseer_vs2019_x64_d.lib(Effekseer.InstanceChunk.obj) : warning LNK4099: PDB '' が 'Effekseer_vs2019_x64_d.lib(Effekseer.InstanceChunk.obj)' で、または '' に見つかりません。デバッグ情報がないものとして、オブジェクトにリンクします。
Effekseer_vs2019_x64_d.lib(Effekseer.WorkerThread.obj) : warning LNK4099: PDB '' が 'Effekseer_vs2019_x64_d.lib(Effekseer.WorkerThread.obj)' で、または '' に見つかりません。デバッグ情報がないものとして、オブジェクトにリンクします。
Effekseer_vs2019_x64_d.lib(Effekseer.InstanceContainer.obj) : warning LNK4099: PDB '' が 'Effekseer_vs2019_x64_d.lib(Effekseer.InstanceContainer.obj)' で、または '' に見つかりません。デバッグ情報がないものとして、オブジェクトにリンクします。
Effekseer_vs2019_x64_d.lib(Effekseer.InstanceGroup.obj) : warning LNK4099: PDB '' が 'Effekseer_vs2019_x64_d.lib(Effekseer.InstanceGroup.obj)' で、または '' に見つかりません。デバッグ情報がないものとして、オブジェクトにリンクします。
Effekseer_vs2019_x64_d.lib(ProceduralModelGenerator.obj) : warning LNK4099: PDB '' が 'Effekseer_vs2019_x64_d.lib(ProceduralModelGenerator.obj)' で、または '' に見つかりません。デバッグ情報がないものとして、オブジェクトにリンクします。
Effekseer_vs2019_x64_d.lib(Effekseer.EfkEfcFactory.obj) : warning LNK4099: PDB '' が 'Effekseer_vs2019_x64_d.lib(Effekseer.EfkEfcFactory.obj)' で、または '' に見つかりません。デバッグ情報がないものとして、オブジェクトにリンクします。
Effekseer_vs2019_x64_d.lib(Effekseer.Socket.obj) : warning LNK4099: PDB '' が 'Effekseer_vs2019_x64_d.lib(Effekseer.Socket.obj)' で、または '' に見つかりません。デバッグ情報がないものとして、オブジェクトにリンクします。
Effekseer_vs2019_x64_d.lib(Effekseer.DefaultFile.obj) : warning LNK4099: PDB '' が 'Effekseer_vs2019_x64_d.lib(Effekseer.DefaultFile.obj)' で、または '' に見つかりません。デバッグ情報がないものとして、オブジェクトにリンクします。
Effekseer_vs2019_x64_d.lib(Effekseer.FCurves.obj) : warning LNK4099: PDB '' が 'Effekseer_vs2019_x64_d.lib(Effekseer.FCurves.obj)' で、または '' に見つかりません。デバッグ情報がないものとして、オブジェクトにリンクします。
Effekseer_vs2019_x64_d.lib(Effekseer.RectF.obj) : warning LNK4099: PDB '' が 'Effekseer_vs2019_x64_d.lib(Effekseer.RectF.obj)' で、または '' に見つかりません。デバッグ情報がないものとして、オブジェクトにリンクします。
Effekseer_vs2019_x64_d.lib(ForceFields.obj) : warning LNK4099: PDB '' が 'Effekseer_vs2019_x64_d.lib(ForceFields.obj)' で、または '' に見つかりません。デバッグ情報がないものとして、オブジェクトにリンクします。
Effekseer_vs2019_x64_d.lib(Effekseer.Parameters.obj) : warning LNK4099: PDB '' が 'Effekseer_vs2019_x64_d.lib(Effekseer.Parameters.obj)' で、または '' に見つかりません。デバッグ情報がないものとして、オブジェクトにリンクします。
Effekseer_vs2019_x64_d.lib(Easing.obj) : warning LNK4099: PDB '' が 'Effekseer_vs2019_x64_d.lib(Easing.obj)' で、または '' に見つかりません。デバッグ情報がないものとして、オブジェクトにリンクします。
Effekseer_vs2019_x64_d.lib(Rotation.obj) : warning LNK4099: PDB '' が 'Effekseer_vs2019_x64_d.lib(Rotation.obj)' で、または '' に見つかりません。デバッグ情報がないものとして、オブジェクトにリンクします。
Effekseer_vs2019_x64_d.lib(Effekseer.EffectNodeModel.obj) : warning LNK4099: PDB '' が 'Effekseer_vs2019_x64_d.lib(Effekseer.EffectNodeModel.obj)' で、または '' に見つかりません。デバッグ情報がないものとして、オブジェクトにリンクします。
Effekseer_vs2019_x64_d.lib(Effekseer.EffectNodeRibbon.obj) : warning LNK4099: PDB '' が 'Effekseer_vs2019_x64_d.lib(Effekseer.EffectNodeRibbon.obj)' で、または '' に見つかりません。デバッグ情報がないものとして、オブジェクトにリンクします。
Effekseer_vs2019_x64_d.lib(Effekseer.EffectNodeRing.obj) : warning LNK4099: PDB '' が 'Effekseer_vs2019_x64_d.lib(Effekseer.EffectNodeRing.obj)' で、または '' に見つかりません。デバッグ情報がないものとして、オブジェクトにリンクします。
Effekseer_vs2019_x64_d.lib(Effekseer.EffectNodeSprite.obj) : warning LNK4099: PDB '' が 'Effekseer_vs2019_x64_d.lib(Effekseer.EffectNodeSprite.obj)' で、または '' に見つかりません。デバッグ情報がないものとして、オブジェクトにリンクします。
Effekseer_vs2019_x64_d.lib(Effekseer.EffectNodeTrack.obj) : warning LNK4099: PDB '' が 'Effekseer_vs2019_x64_d.lib(Effekseer.EffectNodeTrack.obj)' で、または '' に見つかりません。デバッグ情報がないものとして、オブジェクトにリンクします。
Effekseer_vs2019_x64_d.lib(Model.obj) : warning LNK4099: PDB '' が 'Effekseer_vs2019_x64_d.lib(Model.obj)' で、または '' に見つかりません。デバッグ情報がないものとして、オブジェクトにリンクします。
Effekseer_vs2019_x64_d.lib(Effekseer.Vector2D.obj) : warning LNK4099: PDB '' が 'Effekseer_vs2019_x64_d.lib(Effekseer.Vector2D.obj)' で、または '' に見つかりません。デバッグ情報がないものとして、オブジェクトにリンクします。
Effekseer_vs2019_x64_d.lib(CurlNoise.obj) : warning LNK4099: PDB '' が 'Effekseer_vs2019_x64_d.lib(CurlNoise.obj)' で、または '' に見つかりません。デバッグ情報がないものとして、オブジェクトにリンクします。
Effekseer_vs2019_x64_d.lib(SplineGenerator.obj) : warning LNK4099: PDB '' が 'Effekseer_vs2019_x64_d.lib(SplineGenerator.obj)' で、または '' に見つかりません。デバッグ情報がないものとして、オブジェクトにリンクします。
EffekseerRendererDX9_vs2019_x64_d.lib(EffekseerRenderer.Renderer.obj) : warning LNK4099: PDB '' が 'EffekseerRendererDX9_vs2019_x64_d.lib(EffekseerRenderer.Renderer.obj)' で、または '' に見つかりません。デバッグ情報がないものとして、オブジェクトにリンクします。
EffekseerRendererDX9_vs2019_x64_d.lib(TextureLoader.obj) : warning LNK4099: PDB '' が 'EffekseerRendererDX9_vs2019_x64_d.lib(TextureLoader.obj)' で、または '' に見つかりません。デバッグ情報がないものとして、オブジェクトにリンクします。
EffekseerRendererDX9_vs2019_x64_d.lib(EffekseerRendererDX9.Renderer.obj) : warning LNK4099: PDB '' が 'EffekseerRendererDX9_vs2019_x64_d.lib(EffekseerRendererDX9.Renderer.obj)' で、または '' に見つかりません。デバッグ情報がないものとして、オブジェクトにリンクします。
EffekseerRendererDX9_vs2019_x64_d.lib(EffekseerRenderer.Renderer_Impl.obj) : warning LNK4099: PDB '' が 'EffekseerRendererDX9_vs2019_x64_d.lib(EffekseerRenderer.Renderer_Impl.obj)' で、または '' に見つかりません。デバッグ情報がないものとして、オブジェクトにリンクします。
EffekseerRendererDX9_vs2019_x64_d.lib(ModelLoader.obj) : warning LNK4099: PDB '' が 'EffekseerRendererDX9_vs2019_x64_d.lib(ModelLoader.obj)' で、または '' に見つかりません。デバッグ情報がないものとして、オブジェクトにリンクします。
EffekseerRendererDX9_vs2019_x64_d.lib(EffekseerRenderer.DDSTextureLoader.obj) : warning LNK4099: PDB '' が 'EffekseerRendererDX9_vs2019_x64_d.lib(EffekseerRenderer.DDSTextureLoader.obj)' で、または '' に見つかりません。デバッグ情報がないものとして、オブジェクトにリンクします。
EffekseerRendererDX9_vs2019_x64_d.lib(EffekseerRenderer.PngTextureLoader.obj) : warning LNK4099: PDB '' が 'EffekseerRendererDX9_vs2019_x64_d.lib(EffekseerRenderer.PngTextureLoader.obj)' で、または '' に見つかりません。デバッグ情報がないものとして、オブジェクトにリンクします。
EffekseerRendererDX9_vs2019_x64_d.lib(EffekseerRenderer.TGATextureLoader.obj) : warning LNK4099: PDB '' が 'EffekseerRendererDX9_vs2019_x64_d.lib(EffekseerRenderer.TGATextureLoader.obj)' で、または '' に見つかりません。デバッグ情報がないものとして、オブジェクトにリンクします。
EffekseerRendererDX9_vs2019_x64_d.lib(EffekseerRenderer.RenderStateBase.obj) : warning LNK4099: PDB '' が 'EffekseerRendererDX9_vs2019_x64_d.lib(EffekseerRenderer.RenderStateBase.obj)' で、または '' に見つかりません。デバッグ情報がないものとして、オブジェクトにリンクします。
EffekseerRendererDX9_vs2019_x64_d.lib(EffekseerRendererDX9.RenderState.obj) : warning LNK4099: PDB '' が 'EffekseerRendererDX9_vs2019_x64_d.lib(EffekseerRendererDX9.RenderState.obj)' で、または '' に見つかりません。デバッグ情報がないものとして、オブジェクトにリンクします。
EffekseerRendererDX9_vs2019_x64_d.lib(EffekseerRenderer.CommonUtils.obj) : warning LNK4099: PDB '' が 'EffekseerRendererDX9_vs2019_x64_d.lib(EffekseerRenderer.CommonUtils.obj)' で、または '' に見つかりません。デバッグ情報がないものとして、オブジェクトにリンクします。
EffekseerRendererDX9_vs2019_x64_d.lib(GraphicsDevice.obj) : warning LNK4099: PDB '' が 'EffekseerRendererDX9_vs2019_x64_d.lib(GraphicsDevice.obj)' で、または '' に見つかりません。デバッグ情報がないものとして、オブジェクトにリンクします。
EffekseerRendererDX9_vs2019_x64_d.lib(EffekseerRenderer.IndexBufferBase.obj) : warning LNK4099: PDB '' が 'EffekseerRendererDX9_vs2019_x64_d.lib(EffekseerRenderer.IndexBufferBase.obj)' で、または '' に見つかりません。デバッグ情報がないものとして、オブジェクトにリンクします。
EffekseerRendererDX9_vs2019_x64_d.lib(EffekseerRendererDX9.IndexBuffer.obj) : warning LNK4099: PDB '' が 'EffekseerRendererDX9_vs2019_x64_d.lib(EffekseerRendererDX9.IndexBuffer.obj)' で、または '' に見つかりません。デバッグ情報がないものとして、オブジェクトにリンクします。
EffekseerRendererDX9_vs2019_x64_d.lib(EffekseerRendererDX9.MaterialLoader.obj) : warning LNK4099: PDB '' が 'EffekseerRendererDX9_vs2019_x64_d.lib(EffekseerRendererDX9.MaterialLoader.obj)' で、または '' に見つかりません。デバッグ情報がないものとして、オブジェクトにリンクします。
EffekseerRendererDX9_vs2019_x64_d.lib(EffekseerRendererDX9.ModelRenderer.obj) : warning LNK4099: PDB '' が 'EffekseerRendererDX9_vs2019_x64_d.lib(EffekseerRendererDX9.ModelRenderer.obj)' で、または '' に見つかりません。デバッグ情報がないものとして、オブジェクトにリンクします。
EffekseerRendererDX9_vs2019_x64_d.lib(EffekseerRendererDX9.Shader.obj) : warning LNK4099: PDB '' が 'EffekseerRendererDX9_vs2019_x64_d.lib(EffekseerRendererDX9.Shader.obj)' で、または '' に見つかりません。デバッグ情報がないものとして、オブジェクトにリンクします。
EffekseerRendererDX9_vs2019_x64_d.lib(EffekseerRendererDX9.VertexBuffer.obj) : warning LNK4099: PDB '' が 'EffekseerRendererDX9_vs2019_x64_d.lib(EffekseerRendererDX9.VertexBuffer.obj)' で、または '' に見つかりません。デバッグ情報がないものとして、オブジェクトにリンクします。
EffekseerRendererDX9_vs2019_x64_d.lib(EffekseerRendererDX9.DeviceObject.obj) : warning LNK4099: PDB '' が 'EffekseerRendererDX9_vs2019_x64_d.lib(EffekseerRendererDX9.DeviceObject.obj)' で、または '' に見つかりません。デバッグ情報がないものとして、オブジェクトにリンクします。
EffekseerRendererDX9_vs2019_x64_d.lib(EffekseerMaterialCompilerDX9.obj) : warning LNK4099: PDB '' が 'EffekseerRendererDX9_vs2019_x64_d.lib(EffekseerMaterialCompilerDX9.obj)' で、または '' に見つかりません。デバッグ情報がないものとして、オブジェクトにリンクします。
EffekseerRendererDX9_vs2019_x64_d.lib(EffekseerRenderer.VertexBufferBase.obj) : warning LNK4099: PDB '' が 'EffekseerRendererDX9_vs2019_x64_d.lib(EffekseerRenderer.VertexBufferBase.obj)' で、または '' に見つかりません。デバッグ情報がないものとして、オブジェクトにリンクします。
EffekseerRendererDX9_vs2019_x64_d.lib(ShaderGenerator.obj) : warning LNK4099: PDB '' が 'EffekseerRendererDX9_vs2019_x64_d.lib(ShaderGenerator.obj)' で、または '' に見つかりません。デバッグ情報がないものとして、オブジェクトにリンクします。
EffekseerRendererDX9_vs2019_x64_d.lib(ShaderGeneratorCommon.obj) : warning LNK4099: PDB '' が 'EffekseerRendererDX9_vs2019_x64_d.lib(ShaderGeneratorCommon.obj)' で、または '' に見つかりません。デバッグ情報がないものとして、オブジェクトにリンクします。
EffekseerRendererDX11_vs2019_x64_d.lib(EffekseerRendererDX11.Renderer.obj) : warning LNK4099: PDB '' が 'EffekseerRendererDX11_vs2019_x64_d.lib(EffekseerRendererDX11.Renderer.obj)' で、または '' に見つかりません。デバッグ情報がないものとして、オブジェクトにリンクします。
EffekseerRendererDX11_vs2019_x64_d.lib(GraphicsDevice.obj) : warning LNK4099: PDB '' が 'EffekseerRendererDX11_vs2019_x64_d.lib(GraphicsDevice.obj)' で、または '' に見つかりません。デバッグ情報がないものとして、オブジェクトにリンクします。
EffekseerRendererDX11_vs2019_x64_d.lib(EffekseerRendererDX11.RenderState.obj) : warning LNK4099: PDB '' が 'EffekseerRendererDX11_vs2019_x64_d.lib(EffekseerRendererDX11.RenderState.obj)' で、または '' に見つかりません。デバッグ情報がないものとして、オブジェクトにリンクします。
EffekseerRendererDX11_vs2019_x64_d.lib(EffekseerRendererDX11.IndexBuffer.obj) : warning LNK4099: PDB '' が 'EffekseerRendererDX11_vs2019_x64_d.lib(EffekseerRendererDX11.IndexBuffer.obj)' で、または '' に見つかりません。デバッグ情報がないものとして、オブジェクトにリンクします。
EffekseerRendererDX11_vs2019_x64_d.lib(EffekseerRendererDX11.MaterialLoader.obj) : warning LNK4099: PDB '' が 'EffekseerRendererDX11_vs2019_x64_d.lib(EffekseerRendererDX11.MaterialLoader.obj)' で、または '' に見つかりません。デバッグ情報がないものとして、オブジェクトにリンクします。
EffekseerRendererDX11_vs2019_x64_d.lib(EffekseerRendererDX11.ModelRenderer.obj) : warning LNK4099: PDB '' が 'EffekseerRendererDX11_vs2019_x64_d.lib(EffekseerRendererDX11.ModelRenderer.obj)' で、または '' に見つかりません。デバッグ情報がないものとして、オブジェクトにリンクします。
EffekseerRendererDX11_vs2019_x64_d.lib(EffekseerRendererDX11.Shader.obj) : warning LNK4099: PDB '' が 'EffekseerRendererDX11_vs2019_x64_d.lib(EffekseerRendererDX11.Shader.obj)' で、または '' に見つかりません。デバッグ情報がないものとして、オブジェクトにリンクします。
EffekseerRendererDX11_vs2019_x64_d.lib(EffekseerRendererDX11.VertexBuffer.obj) : warning LNK4099: PDB '' が 'EffekseerRendererDX11_vs2019_x64_d.lib(EffekseerRendererDX11.VertexBuffer.obj)' で、または '' に見つかりません。デバッグ情報がないものとして、オブジェクトにリンクします。
EffekseerRendererDX11_vs2019_x64_d.lib(EffekseerRendererDX11.DeviceObject.obj) : warning LNK4099: PDB '' が 'EffekseerRendererDX11_vs2019_x64_d.lib(EffekseerRendererDX11.DeviceObject.obj)' で、または '' に見つかりません。デバッグ情報がないものとして、オブジェクトにリンクします。
EffekseerRendererDX11_vs2019_x64_d.lib(EffekseerMaterialCompilerDX11.obj) : warning LNK4099: PDB '' が 'EffekseerRendererDX11_vs2019_x64_d.lib(EffekseerMaterialCompilerDX11.obj)' で、または '' に見つかりません。デバッグ情報がないものとして、オブジェクトにリンクします。
Effekseer_vs2019_x64_d.lib(ModelLoader.obj) : warning LNK4099: PDB '' が 'Effekseer_vs2019_x64_d.lib(ModelLoader.obj)' で、または '' に見つかりません。デバッグ情報がないものとして、オブジェクトにリンクします。
Effekseer_vs2019_x64_d.lib(Effekseer.MaterialFile.obj) : warning LNK4099: PDB '' が 'Effekseer_vs2019_x64_d.lib(Effekseer.MaterialFile.obj)' で、または '' に見つかりません。デバッグ情報がないものとして、オブジェクトにリンクします。
Effekseer_vs2019_x64_d.lib(Effekseer.CompiledMaterial.obj) : warning LNK4099: PDB '' が 'Effekseer_vs2019_x64_d.lib(Effekseer.CompiledMaterial.obj)' で、または '' に見つかりません。デバッグ情報がないものとして、オブジェクトにリンクします。
  TakeruHertus.vcxproj -> C:\Users\yamag\OneDrive\Desktop\TakeruHertus\x64\Debug\TakeruHertus.exe
