c:\users\yamag\onedrive\desktop\takeruhertus\takeruhertus\x64\debug\vc143.pdb
c:\users\yamag\onedrive\desktop\takeruhertus\takeruhertus\x64\debug\vc143.idb
c:\users\yamag\onedrive\desktop\takeruhertus\takeruhertus\x64\debug\enemymidle.obj
c:\users\yamag\onedrive\desktop\takeruhertus\takeruhertus\x64\debug\lightmanager.obj
c:\users\yamag\onedrive\desktop\takeruhertus\takeruhertus\x64\debug\enemydinamic.obj
c:\users\yamag\onedrive\desktop\takeruhertus\takeruhertus\x64\debug\gamemenu.obj
c:\users\yamag\onedrive\desktop\takeruhertus\takeruhertus\x64\debug\effectlib.obj
c:\users\yamag\onedrive\desktop\takeruhertus\takeruhertus\x64\debug\abilitymenu.obj
c:\users\yamag\onedrive\desktop\takeruhertus\takeruhertus\x64\debug\customizationmenu.obj
c:\users\yamag\onedrive\desktop\takeruhertus\takeruhertus\x64\debug\equipmentmenu.obj
c:\users\yamag\onedrive\desktop\takeruhertus\takeruhertus\x64\debug\itemmenu.obj
c:\users\yamag\onedrive\desktop\takeruhertus\takeruhertus\x64\debug\hpbar.obj
c:\users\yamag\onedrive\desktop\takeruhertus\takeruhertus\x64\debug\charactericon.obj
c:\users\yamag\onedrive\desktop\takeruhertus\takeruhertus\x64\debug\playerpouch.obj
c:\users\yamag\onedrive\desktop\takeruhertus\takeruhertus\x64\debug\onestavenue.obj
c:\users\yamag\onedrive\desktop\takeruhertus\takeruhertus\x64\debug\smallaricle.obj
c:\users\yamag\onedrive\desktop\takeruhertus\takeruhertus\x64\debug\map.obj
c:\users\yamag\onedrive\desktop\takeruhertus\takeruhertus\x64\debug\mapeventmanager.obj
c:\users\yamag\onedrive\desktop\takeruhertus\takeruhertus\x64\debug\mapeventone.obj
c:\users\yamag\onedrive\desktop\takeruhertus\takeruhertus\x64\debug\behaviourtree.obj
c:\users\yamag\onedrive\desktop\takeruhertus\takeruhertus\x64\debug\animationlib.obj
c:\users\yamag\onedrive\desktop\takeruhertus\takeruhertus\x64\debug\path.obj
c:\users\yamag\onedrive\desktop\takeruhertus\takeruhertus\x64\debug\rigidbody.obj
c:\users\yamag\onedrive\desktop\takeruhertus\takeruhertus\x64\debug\player.obj
c:\users\yamag\onedrive\desktop\takeruhertus\takeruhertus\x64\debug\main.obj
c:\users\yamag\onedrive\desktop\takeruhertus\takeruhertus\x64\debug\keyboard.obj
c:\users\yamag\onedrive\desktop\takeruhertus\takeruhertus\x64\debug\joypad.obj
c:\users\yamag\onedrive\desktop\takeruhertus\takeruhertus\x64\debug\inputdevicemanager.obj
c:\users\yamag\onedrive\desktop\takeruhertus\takeruhertus\x64\debug\camera.obj
c:\users\yamag\onedrive\desktop\takeruhertus\takeruhertus\x64\debug\ground.obj
c:\users\yamag\onedrive\desktop\takeruhertus\takeruhertus\x64\debug\debugwindow.obj
c:\users\yamag\onedrive\desktop\takeruhertus\takeruhertus\x64\debug\csvlib.obj
c:\users\yamag\onedrive\desktop\takeruhertus\takeruhertus\x64\debug\collidable.obj
c:\users\yamag\onedrive\desktop\takeruhertus\takeruhertus\x64\debug\physics.obj
c:\users\yamag\onedrive\desktop\takeruhertus\takeruhertus\x64\debug\colliderdatasphere3d.obj
c:\users\yamag\onedrive\desktop\takeruhertus\takeruhertus\x64\debug\colliderdataobb3d.obj
c:\users\yamag\onedrive\desktop\takeruhertus\takeruhertus\x64\debug\colliderdatacapsule3d.obj
c:\users\yamag\onedrive\desktop\takeruhertus\takeruhertus\x64\debug\colliderdataaabb3d.obj
c:\users\yamag\onedrive\desktop\takeruhertus\takeruhertus\x64\debug\debugdraw3d.obj
c:\users\yamag\onedrive\desktop\takeruhertus\takeruhertus\x64\debug\enemysmallfish.obj
c:\users\yamag\onedrive\desktop\takeruhertus\takeruhertus\x64\debug\command.obj
c:\users\yamag\onedrive\desktop\takeruhertus\takeruhertus\x64\debug\skydome.obj
c:\users\yamag\onedrive\desktop\takeruhertus\takeruhertus\x64\debug\scenemanager.obj
c:\users\yamag\onedrive\desktop\takeruhertus\takeruhertus\x64\debug\scenebase.obj
c:\users\yamag\onedrive\desktop\takeruhertus\takeruhertus\x64\debug\scenetitle.obj
c:\users\yamag\onedrive\desktop\takeruhertus\takeruhertus\x64\debug\scenegame.obj
c:\users\yamag\onedrive\desktop\takeruhertus\takeruhertus\x64\debug\sceneresult.obj
c:\users\yamag\onedrive\desktop\takeruhertus\takeruhertus\x64\debug\sceneclear.obj
c:\users\yamag\onedrive\desktop\takeruhertus\x64\debug\takeruhertus.exe
c:\users\yamag\onedrive\desktop\takeruhertus\takeruhertus\x64\debug\takeruhertus.ilk
c:\users\yamag\onedrive\desktop\takeruhertus\x64\debug\takeruhertus.pdb
c:\users\yamag\onedrive\desktop\takeruhertus\takeruhertus\x64\debug\edgebase.obj
c:\users\yamag\onedrive\desktop\takeruhertus\takeruhertus\x64\debug\edge_statemachine.obj
c:\users\yamag\onedrive\desktop\takeruhertus\takeruhertus\x64\debug\mapevent.obj
c:\users\yamag\onedrive\desktop\takeruhertus\takeruhertus\x64\debug\nodebase_statemachine.obj
c:\users\yamag\onedrive\desktop\takeruhertus\takeruhertus\x64\debug\takeruhertus.tlog\cl.command.1.tlog
c:\users\yamag\onedrive\desktop\takeruhertus\takeruhertus\x64\debug\takeruhertus.tlog\cl.items.tlog
c:\users\yamag\onedrive\desktop\takeruhertus\takeruhertus\x64\debug\takeruhertus.tlog\cl.read.1.tlog
c:\users\yamag\onedrive\desktop\takeruhertus\takeruhertus\x64\debug\takeruhertus.tlog\cl.write.1.tlog
c:\users\yamag\onedrive\desktop\takeruhertus\takeruhertus\x64\debug\takeruhertus.tlog\link.command.1.tlog
c:\users\yamag\onedrive\desktop\takeruhertus\takeruhertus\x64\debug\takeruhertus.tlog\link.read.1.tlog
c:\users\yamag\onedrive\desktop\takeruhertus\takeruhertus\x64\debug\takeruhertus.tlog\link.write.1.tlog
