f:\就活用ファイルgame\takeruhertus\takeruhertus\x64\release\vc143.pdb
f:\就活用ファイルgame\takeruhertus\takeruhertus\x64\release\colliderdatacapsule3d.obj
f:\就活用ファイルgame\takeruhertus\takeruhertus\x64\release\colliderdataaabb3d.obj
f:\就活用ファイルgame\takeruhertus\takeruhertus\x64\release\debugdraw3d.obj
f:\就活用ファイルgame\takeruhertus\takeruhertus\x64\release\enemysmallfish.obj
f:\就活用ファイルgame\takeruhertus\takeruhertus\x64\release\command.obj
f:\就活用ファイルgame\takeruhertus\takeruhertus\x64\release\skydome.obj
f:\就活用ファイルgame\takeruhertus\takeruhertus\x64\release\enemymidle.obj
f:\就活用ファイルgame\takeruhertus\takeruhertus\x64\release\lightmanager.obj
f:\就活用ファイルgame\takeruhertus\takeruhertus\x64\release\enemydinamic.obj
f:\就活用ファイルgame\takeruhertus\takeruhertus\x64\release\gamemenu.obj
f:\就活用ファイルgame\takeruhertus\takeruhertus\x64\release\effectlib.obj
f:\就活用ファイルgame\takeruhertus\takeruhertus\x64\release\abilitymenu.obj
f:\就活用ファイルgame\takeruhertus\takeruhertus\x64\release\customizationmenu.obj
f:\就活用ファイルgame\takeruhertus\takeruhertus\x64\release\equipmentmenu.obj
f:\就活用ファイルgame\takeruhertus\takeruhertus\x64\release\itemmenu.obj
f:\就活用ファイルgame\takeruhertus\takeruhertus\x64\release\hpbar.obj
f:\就活用ファイルgame\takeruhertus\takeruhertus\x64\release\charactericon.obj
f:\就活用ファイルgame\takeruhertus\takeruhertus\x64\release\playerpouch.obj
f:\就活用ファイルgame\takeruhertus\takeruhertus\x64\release\animationlib.obj
f:\就活用ファイルgame\takeruhertus\takeruhertus\x64\release\path.obj
f:\就活用ファイルgame\takeruhertus\takeruhertus\x64\release\scenemanager.obj
f:\就活用ファイルgame\takeruhertus\takeruhertus\x64\release\scenebase.obj
f:\就活用ファイルgame\takeruhertus\takeruhertus\x64\release\scenetitle.obj
f:\就活用ファイルgame\takeruhertus\takeruhertus\x64\release\scenegame.obj
f:\就活用ファイルgame\takeruhertus\takeruhertus\x64\release\sceneresult.obj
f:\就活用ファイルgame\takeruhertus\takeruhertus\x64\release\sceneclear.obj
f:\就活用ファイルgame\takeruhertus\takeruhertus\x64\release\rigidbody.obj
f:\就活用ファイルgame\takeruhertus\takeruhertus\x64\release\player.obj
f:\就活用ファイルgame\takeruhertus\takeruhertus\x64\release\main.obj
f:\就活用ファイルgame\takeruhertus\takeruhertus\x64\release\keyboard.obj
f:\就活用ファイルgame\takeruhertus\takeruhertus\x64\release\joypad.obj
f:\就活用ファイルgame\takeruhertus\takeruhertus\x64\release\inputdevicemanager.obj
f:\就活用ファイルgame\takeruhertus\takeruhertus\x64\release\camera.obj
f:\就活用ファイルgame\takeruhertus\takeruhertus\x64\release\ground.obj
f:\就活用ファイルgame\takeruhertus\takeruhertus\x64\release\debugwindow.obj
f:\就活用ファイルgame\takeruhertus\takeruhertus\x64\release\csvlib.obj
f:\就活用ファイルgame\takeruhertus\takeruhertus\x64\release\collidable.obj
f:\就活用ファイルgame\takeruhertus\takeruhertus\x64\release\physics.obj
f:\就活用ファイルgame\takeruhertus\takeruhertus\x64\release\colliderdatasphere3d.obj
f:\就活用ファイルgame\takeruhertus\takeruhertus\x64\release\colliderdataobb3d.obj
f:\就活用ファイルgame\takeruhertus\x64\release\takeruhertus.exe
f:\就活用ファイルgame\takeruhertus\takeruhertus\x64\release\takeruhertus.ipdb
f:\就活用ファイルgame\takeruhertus\x64\release\takeruhertus.pdb
f:\就活用ファイルgame\takeruhertus\takeruhertus\x64\release\takeruhertus.iobj
f:\就活用ファイルgame\takeruhertus\takeruhertus\x64\release\takeruhertus.tlog\cl.command.1.tlog
f:\就活用ファイルgame\takeruhertus\takeruhertus\x64\release\takeruhertus.tlog\cl.read.1.tlog
f:\就活用ファイルgame\takeruhertus\takeruhertus\x64\release\takeruhertus.tlog\cl.write.1.tlog
f:\就活用ファイルgame\takeruhertus\takeruhertus\x64\release\takeruhertus.tlog\link.command.1.tlog
f:\就活用ファイルgame\takeruhertus\takeruhertus\x64\release\takeruhertus.tlog\link.read.1.tlog
f:\就活用ファイルgame\takeruhertus\takeruhertus\x64\release\takeruhertus.tlog\link.write.1.tlog
